This is pdfTeX, Version 3.141592653-2.6-1.40.22 (MiKTeX 21.6) (preloaded format=pdflatex 2021.10.26)  27 OCT 2021 00:18
entering extended mode
**./report.tex
(report.tex
LaTeX2e <2021-06-01> patch level 1
L3 programming layer <2021-10-18>
(/home/florke/.miktex/texmfs/install/tex/latex/base/article.cls
Document Class: article 2021/02/12 v1.4n Standard LaTeX document class
(/home/florke/.miktex/texmfs/install/tex/latex/base/size12.clo
File: size12.clo 2021/02/12 v1.4n Standard LaTeX file (size option)
)
\c@part=\count182
\c@section=\count183
\c@subsection=\count184
\c@subsubsection=\count185
\c@paragraph=\count186
\c@subparagraph=\count187
\c@figure=\count188
\c@table=\count189
\abovecaptionskip=\skip47
\belowcaptionskip=\skip48
\bibindent=\dimen138
)
(/home/florke/.miktex/texmfs/install/tex/latex/base/fontenc.sty
Package: fontenc 2021/04/29 v2.0v Standard LaTeX package
)
(/home/florke/.miktex/texmfs/install/tex/latex/base/inputenc.sty
Package: inputenc 2021/02/14 v1.3d Input encoding file
\inpenc@prehook=\toks16
\inpenc@posthook=\toks17

(/home/florke/.miktex/texmfs/install/tex/latex/base/cp1250.def
File: cp1250.def 2021/02/14 v1.3d Input encoding file
))
(/home/florke/.miktex/texmfs/install/tex/latex/graphics/graphicx.sty
Package: graphicx 2020/12/05 v1.2c Enhanced LaTeX Graphics (DPC,SPQR)

(/home/florke/.miktex/texmfs/install/tex/latex/graphics/keyval.sty
Package: keyval 2014/10/28 v1.15 key=value parser (DPC)
\KV@toks@=\toks18
)
(/home/florke/.miktex/texmfs/install/tex/latex/graphics/graphics.sty
Package: graphics 2021/03/04 v1.4d Standard LaTeX Graphics (DPC,SPQR)

(/home/florke/.miktex/texmfs/install/tex/latex/graphics/trig.sty
Package: trig 2016/01/03 v1.10 sin cos tan (DPC)
)
(/home/florke/.miktex/texmfs/install/tex/latex/graphics-cfg/graphics.cfg
File: graphics.cfg 2016/06/04 v1.11 sample graphics configuration
)
Package graphics Info: Driver file: pdftex.def on input line 107.

(/home/florke/.miktex/texmfs/install/tex/latex/graphics-def/pdftex.def
File: pdftex.def 2020/10/05 v1.2a Graphics/color driver for pdftex
))
\Gin@req@height=\dimen139
\Gin@req@width=\dimen140
)
(/home/florke/.miktex/texmfs/install/tex/latex/amsfonts/amsfonts.sty
Package: amsfonts 2013/01/14 v3.01 Basic AMSFonts support
\@emptytoks=\toks19
\symAMSa=\mathgroup4
\symAMSb=\mathgroup5
LaTeX Font Info:    Redeclaring math symbol \hbar on input line 98.
LaTeX Font Info:    Overwriting math alphabet `\mathfrak' in version `bold'
(Font)                  U/euf/m/n --> U/euf/b/n on input line 106.
)
(/home/florke/.miktex/texmfs/install/tex/latex/base/textcomp.sty
Package: textcomp 2020/02/02 v2.0n Standard LaTeX package
)
(/home/florke/.miktex/texmfs/install/tex/latex/listings/listings.sty
\lst@mode=\count190
\lst@gtempboxa=\box50
\lst@token=\toks20
\lst@length=\count191
\lst@currlwidth=\dimen141
\lst@column=\count192
\lst@pos=\count193
\lst@lostspace=\dimen142
\lst@width=\dimen143
\lst@newlines=\count194
\lst@lineno=\count195
\lst@maxwidth=\dimen144

(/home/florke/.miktex/texmfs/install/tex/latex/listings/lstmisc.sty
File: lstmisc.sty 2020/03/24 1.8d (Carsten Heinz)
\c@lstnumber=\count196
\lst@skipnumbers=\count197
\lst@framebox=\box51
)
(/home/florke/.miktex/texmfs/install/tex/latex/listings/listings.cfg
File: listings.cfg 2020/03/24 1.8d listings configuration
))
Package: listings 2020/03/24 1.8d (Carsten Heinz)

(/home/florke/.miktex/texmfs/install/tex/latex/xcolor/xcolor.sty
Package: xcolor 2016/05/11 v2.12 LaTeX color extensions (UK)

(/home/florke/.miktex/texmfs/install/tex/latex/graphics-cfg/color.cfg
File: color.cfg 2016/01/02 v1.6 sample color configuration
)
Package xcolor Info: Driver file: pdftex.def on input line 225.
Package xcolor Info: Model `cmy' substituted by `cmy0' on input line 1348.
Package xcolor Info: Model `hsb' substituted by `rgb' on input line 1352.
Package xcolor Info: Model `RGB' extended on input line 1364.
Package xcolor Info: Model `HTML' substituted by `rgb' on input line 1366.
Package xcolor Info: Model `Hsb' substituted by `hsb' on input line 1367.
Package xcolor Info: Model `tHsb' substituted by `hsb' on input line 1368.
Package xcolor Info: Model `HSB' substituted by `hsb' on input line 1369.
Package xcolor Info: Model `Gray' substituted by `gray' on input line 1370.
Package xcolor Info: Model `wave' substituted by `hsb' on input line 1371.
)
(/home/florke/.miktex/texmfs/install/tex/latex/psnfss/courier.sty
Package: courier 2020/03/25 PSNFSS-v9.3 (WaS) 
)
(/home/florke/.miktex/texmfs/install/tex/latex/l3backend/l3backend-pdftex.def
File: l3backend-pdftex.def 2021-10-18 L3 backend support: PDF output (pdfTeX)
\l__color_backend_stack_int=\count198
\l__pdf_internal_box=\box52
)
(report.aux)
\openout1 = `report.aux'.

LaTeX Font Info:    Checking defaults for OML/cmm/m/it on input line 24.
LaTeX Font Info:    ... okay on input line 24.
LaTeX Font Info:    Checking defaults for OMS/cmsy/m/n on input line 24.
LaTeX Font Info:    ... okay on input line 24.
LaTeX Font Info:    Checking defaults for OT1/cmr/m/n on input line 24.
LaTeX Font Info:    ... okay on input line 24.
LaTeX Font Info:    Checking defaults for T1/cmr/m/n on input line 24.
LaTeX Font Info:    ... okay on input line 24.
LaTeX Font Info:    Checking defaults for TS1/cmr/m/n on input line 24.
LaTeX Font Info:    ... okay on input line 24.
LaTeX Font Info:    Checking defaults for OMX/cmex/m/n on input line 24.
LaTeX Font Info:    ... okay on input line 24.
LaTeX Font Info:    Checking defaults for U/cmr/m/n on input line 24.
LaTeX Font Info:    ... okay on input line 24.

(/home/florke/.miktex/texmfs/install/tex/context/base/mkii/supp-pdf.mkii
[Loading MPS to PDF converter (version 2006.09.02).]
\scratchcounter=\count199
\scratchdimen=\dimen145
\scratchbox=\box53
\nofMPsegments=\count266
\nofMParguments=\count267
\everyMPshowfont=\toks21
\MPscratchCnt=\count268
\MPscratchDim=\dimen146
\MPnumerator=\count269
\makeMPintoPDFobject=\count270
\everyMPtoPDFconversion=\toks22
) (/home/florke/.miktex/texmfs/install/tex/latex/epstopdf-pkg/epstopdf-base.sty
Package: epstopdf-base 2020-01-24 v2.11 Base part for package epstopdf
Package epstopdf-base Info: Redefining graphics rule for `.eps' on input line 4
85.
(/home/florke/.miktex/texmfs/install/tex/latex/00miktex/epstopdf-sys.cfg
File: epstopdf-sys.cfg 2021/03/18 v2.0 Configuration of epstopdf for MiKTeX
))
\c@lstlisting=\count271
LaTeX Font Info:    Trying to load font information for U+msa on input line 25.


(/home/florke/.miktex/texmfs/install/tex/latex/amsfonts/umsa.fd
File: umsa.fd 2013/01/14 v3.01 AMS symbols A
)
LaTeX Font Info:    Trying to load font information for U+msb on input line 25.


(/home/florke/.miktex/texmfs/install/tex/latex/amsfonts/umsb.fd
File: umsb.fd 2013/01/14 v3.01 AMS symbols B
) [1


{/home/florke/.miktex/texmfs/data/pdftex/config/pdftex.map}]
(/home/florke/.miktex/texmfs/install/tex/latex/listings/lstlang1.sty
File: lstlang1.sty 2020/03/24 1.8d listings language file
)
<figures/linear-neuron.jpg, id=10, 299.1175pt x 131.49126pt>
File: figures/linear-neuron.jpg Graphic file (type jpg)
<use figures/linear-neuron.jpg>
Package pdftex.def Info: figures/linear-neuron.jpg  used on input line 71.
(pdftex.def)             Requested size: 264.6107pt x 116.33061pt.

Overfull \hbox (34.15288pt too wide) in paragraph at lines 95--102
[][] 
 []

[1 <./figures/linear-neuron.jpg>] [2]
Overfull \hbox (51.13414pt too wide) in paragraph at lines 191--192
\OMS/cmsy/m/n/12 f\OT1/cmr/m/n/12 [[1\OML/cmm/m/it/12 ; \OT1/cmr/m/n/12 2\OML/c
mm/m/it/12 ; \OT1/cmr/m/n/12 3\OML/cmm/m/it/12 ; \OT1/cmr/m/n/12 4\OML/cmm/m/it
/12 ; \OT1/cmr/m/n/12 5]\OML/cmm/m/it/12 ; \OT1/cmr/m/n/12 [10\OML/cmm/m/it/12 
; \OT1/cmr/m/n/12 11\OML/cmm/m/it/12 ; \OT1/cmr/m/n/12 12\OML/cmm/m/it/12 ; \OT
1/cmr/m/n/12 13\OML/cmm/m/it/12 ; \OT1/cmr/m/n/12 14]\OML/cmm/m/it/12 ; \OT1/cm
r/m/n/12 [20\OML/cmm/m/it/12 ; \OT1/cmr/m/n/12 21\OML/cmm/m/it/12 ; \OT1/cmr/m/
n/12 22\OML/cmm/m/it/12 ; \OT1/cmr/m/n/12 23\OML/cmm/m/it/12 ; \OT1/cmr/m/n/12 
24]\OML/cmm/m/it/12 ; \OT1/cmr/m/n/12 [30\OML/cmm/m/it/12 ; \OT1/cmr/m/n/12 31\
OML/cmm/m/it/12 ; \OT1/cmr/m/n/12 32\OML/cmm/m/it/12 ; \OT1/cmr/m/n/12 33\OML/c
mm/m/it/12 ; \OT1/cmr/m/n/12 34]\OML/cmm/m/it/12 ; \OT1/cmr/m/n/12 [40\OML/cmm/
m/it/12 ; \OT1/cmr/m/n/12 41\OML/cmm/m/it/12 ; \OT1/cmr/m/n/12 42\OML/cmm/m/it/
12 ; \OT1/cmr/m/n/12 43\OML/cmm/m/it/12 ; \OT1/cmr/m/n/12 44]]\OML/cmm/m/it/12 
; [] 
 []

[3] [4]
Overfull \hbox (47.87029pt too wide) in paragraph at lines 215--216
\OMS/cmsy/m/n/12 f\OT1/cmr/m/n/12 [[1\OML/cmm/m/it/12 ; \OT1/cmr/m/n/12 2\OML/c
mm/m/it/12 ; \OT1/cmr/m/n/12 3\OML/cmm/m/it/12 ; \OT1/cmr/m/n/12 4\OML/cmm/m/it
/12 ; \OT1/cmr/m/n/12 5]\OML/cmm/m/it/12 ; \OT1/cmr/m/n/12 [10\OML/cmm/m/it/12 
; \OT1/cmr/m/n/12 11\OML/cmm/m/it/12 ; \OT1/cmr/m/n/12 12\OML/cmm/m/it/12 ; \OT
1/cmr/m/n/12 13\OML/cmm/m/it/12 ; \OT1/cmr/m/n/12 14]\OML/cmm/m/it/12 ; \OT1/cm
r/m/n/12 [20\OML/cmm/m/it/12 ; \OT1/cmr/m/n/12 21\OML/cmm/m/it/12 ; \OT1/cmr/m/
n/12 22\OML/cmm/m/it/12 ; \OT1/cmr/m/n/12 23\OML/cmm/m/it/12 ; \OT1/cmr/m/n/12 
24]\OML/cmm/m/it/12 ; \OT1/cmr/m/n/12 [30\OML/cmm/m/it/12 ; \OT1/cmr/m/n/12 31\
OML/cmm/m/it/12 ; \OT1/cmr/m/n/12 32\OML/cmm/m/it/12 ; \OT1/cmr/m/n/12 33\OML/c
mm/m/it/12 ; \OT1/cmr/m/n/12 34]\OML/cmm/m/it/12 ; \OT1/cmr/m/n/12 [40\OML/cmm/
m/it/12 ; \OT1/cmr/m/n/12 41\OML/cmm/m/it/12 ; \OT1/cmr/m/n/12 42\OML/cmm/m/it/
12 ; \OT1/cmr/m/n/12 43\OML/cmm/m/it/12 ; \OT1/cmr/m/n/12 44]\OML/cmm/m/it/12 ;
 [] 
 []

(report.bbl) [5] (report.aux) ) 
Here is how much of TeX's memory you used:
 3518 strings out of 480844
 49595 string characters out of 2903615
 539593 words of memory out of 3000000
 21122 multiletter control sequences out of 15000+600000
 420442 words of font info for 75 fonts, out of 8000000 for 9000
 0 hyphenation exceptions out of 8191
 57i,8n,66p,388b,264s stack positions out of 5000i,500n,10000p,200000b,80000s
 </home/florke/.miktex/texmfs/data/fonts/pk/ljfo
ur/jknappen/ec/dpi600/ecti1200.pk> </home/florke/.miktex/texmfs/data/fonts/pk/l
jfour/jknappen/ec/dpi600/tcrm1200.pk> </home/florke/.miktex/texmfs/data/fonts/p
k/ljfour/jknappen/ec/dpi600/ecbx1200.pk> </home/florke/.miktex/texmfs/data/font
s/pk/ljfour/jknappen/ec/dpi600/tcbx1440.pk> </home/florke/.miktex/texmfs/data/f
onts/pk/ljfour/jknappen/ec/dpi600/ecbx1440.pk> </home/florke/.miktex/texmfs/dat
a/fonts/pk/ljfour/jknappen/ec/dpi600/ecrm1200.pk> </home/florke/.miktex/texmfs/
data/fonts/pk/ljfour/jknappen/ec/dpi600/ecbx1728.pk> </home/florke/.miktex/texm
fs/data/fonts/pk/ljfour/jknappen/ec/dpi600/tcrm1440.pk> </home/florke/.miktex/t
exmfs/data/fonts/pk/ljfour/jknappen/ec/dpi600/ecrm1440.pk> </home/florke/.mikte
x/texmfs/data/fonts/pk/ljfour/jknappen/ec/dpi600/ecrm1728.pk> </home/florke/.mi
ktex/texmfs/data/fonts/pk/ljfour/jknappen/ec/dpi600/tcbx2074.pk> </home/florke/
.miktex/texmfs/data/fonts/pk/ljfour/jknappen/ec/dpi600/ecbx2074.pk></home/flork
e/.miktex/texmfs/install/fonts/type1/public/amsfonts/cm/cmex10.pfb></home/flork
e/.miktex/texmfs/install/fonts/type1/public/amsfonts/cm/cmmi12.pfb></home/flork
e/.miktex/texmfs/install/fonts/type1/public/amsfonts/cm/cmmi8.pfb></home/florke
/.miktex/texmfs/install/fonts/type1/public/amsfonts/cm/cmr12.pfb></home/florke/
.miktex/texmfs/install/fonts/type1/public/amsfonts/cm/cmr8.pfb></home/florke/.m
iktex/texmfs/install/fonts/type1/public/amsfonts/cm/cmsy10.pfb>
Output written on report.pdf (6 pages, 161832 bytes).
PDF statistics:
 313 PDF objects out of 1000 (max. 8388607)
 0 named destinations out of 1000 (max. 500000)
 6 words of extra memory for PDF output out of 10000 (max. 10000000)

